0 info it worked if it ends with ok
1 verbose cli [ '/usr/bin/nodejs', '/usr/bin/npm', 'run', 'watch' ]
2 info using npm@3.10.8
3 info using node@v6.9.1
4 verbose run-script [ 'prewatch', 'watch', 'postwatch' ]
5 info lifecycle node-site@1.0.0~prewatch: node-site@1.0.0
6 silly lifecycle node-site@1.0.0~prewatch: no script for prewatch, continuing
7 info lifecycle node-site@1.0.0~watch: node-site@1.0.0
8 verbose lifecycle node-site@1.0.0~watch: unsafe-perm in lifecycle true
9 verbose lifecycle node-site@1.0.0~watch: PATH: /usr/lib/node_modules/npm/bin/node-gyp-bin:/home/hanbyul/node-site/node_modules/.bin:/home/hanbyul/bin:/home/hanbyul/.local/bin:/usr/local/sbin:/usr/local/bin:/usr/sbin:/usr/bin:/sbin:/bin:/usr/games:/usr/local/games:/snap/bin
10 verbose lifecycle node-site@1.0.0~watch: CWD: /home/hanbyul/node-site
11 silly lifecycle node-site@1.0.0~watch: Args: [ '-c', 'gulp watch' ]
12 silly lifecycle node-site@1.0.0~watch: Returned: code: 1  signal: null
13 info lifecycle node-site@1.0.0~watch: Failed to exec watch script
14 verbose stack Error: node-site@1.0.0 watch: `gulp watch`
14 verbose stack Exit status 1
14 verbose stack     at EventEmitter.<anonymous> (/usr/lib/node_modules/npm/lib/utils/lifecycle.js:255:16)
14 verbose stack     at emitTwo (events.js:106:13)
14 verbose stack     at EventEmitter.emit (events.js:191:7)
14 verbose stack     at ChildProcess.<anonymous> (/usr/lib/node_modules/npm/lib/utils/spawn.js:40:14)
14 verbose stack     at emitTwo (events.js:106:13)
14 verbose stack     at ChildProcess.emit (events.js:191:7)
14 verbose stack     at maybeClose (internal/child_process.js:877:16)
14 verbose stack     at Process.ChildProcess._handle.onexit (internal/child_process.js:226:5)
15 verbose pkgid node-site@1.0.0
16 verbose cwd /home/hanbyul/node-site
17 error Linux 4.4.0-53-generic
18 error argv "/usr/bin/nodejs" "/usr/bin/npm" "run" "watch"
19 error node v6.9.1
20 error npm  v3.10.8
21 error code ELIFECYCLE
22 error node-site@1.0.0 watch: `gulp watch`
22 error Exit status 1
23 error Failed at the node-site@1.0.0 watch script 'gulp watch'.
23 error Make sure you have the latest version of node.js and npm installed.
23 error If you do, this is most likely a problem with the node-site package,
23 error not with npm itself.
23 error Tell the author that this fails on your system:
23 error     gulp watch
23 error You can get information on how to open an issue for this project with:
23 error     npm bugs node-site
23 error Or if that isn't available, you can get their info via:
23 error     npm owner ls node-site
23 error There is likely additional logging output above.
24 verbose exit [ 1, true ]
